<?xml version="1.0" encoding="UTF-8"?>
<!-- Generated by org.testng.reporters.JUnitReportReporter -->
<testsuite skipped="0" hostname="LAPTOP-JFLCKDKP" name="NewTest" tests="1" failures="0" timestamp="2022-11-06T11:45:26 EST" time="0.001" errors="0">
  <testcase name="f" time="0.001" classname="NewTest"/>
  <system-out/>
</testsuite> <!-- NewTest -->
