<?xml version="1.0" encoding="UTF-8"?>
<!-- Generated by org.testng.reporters.JUnitReportReporter -->
<testsuite skipped="0" hostname="LAPTOP-JFLCKDKP" name="stepDefinition.TestNgRunner" tests="1" failures="0" timestamp="2022-11-06T10:49:41 EST" time="12.660" errors="0">
  <testcase name="runScenario" time="12.660" classname="stepDefinition.TestNgRunner"/>
  <system-out/>
</testsuite> <!-- stepDefinition.TestNgRunner -->
