<?xml version="1.0" encoding="UTF-8"?>
<!-- Generated by org.testng.reporters.JUnitReportReporter -->
<testsuite skipped="0" hostname="LAPTOP-JFLCKDKP" name="runner.TestNgRunner" tests="1" failures="0" timestamp="2022-11-06T11:45:26 EST" time="12.419" errors="0">
  <testcase name="runScenario" time="12.419" classname="runner.TestNgRunner"/>
  <system-out/>
</testsuite> <!-- runner.TestNgRunner -->
