<?xml version="1.0" encoding="UTF-8"?>
<!-- Generated by org.testng.reporters.JUnitReportReporter -->
<testsuite hostname="LAPTOP-JFLCKDKP" failures="0" tests="1" name="runner.udhayTestNG" time="15.056" errors="0" timestamp="2023-01-21T12:38:33 EST" skipped="0">
  <testcase classname="runner.udhayTestNG" name="scenario" time="15.056"/>
  <system-out/>
</testsuite> <!-- runner.udhayTestNG -->
