<?xml version="1.0" encoding="UTF-8"?>
<!-- Generated by org.testng.reporters.JUnitReportReporter -->
<testsuite skipped="0" hostname="LAPTOP-JFLCKDKP" name="runner.udhayTestNG" tests="1" failures="0" timestamp="2022-11-06T11:45:26 EST" time="10.210" errors="0">
  <testcase name="scenario" time="10.210" classname="runner.udhayTestNG"/>
  <system-out/>
</testsuite> <!-- runner.udhayTestNG -->
