<?xml version="1.0" encoding="UTF-8"?>
<!-- Generated by org.testng.reporters.JUnitReportReporter -->
<testsuite hostname="LAPTOP-JFLCKDKP" failures="0" tests="1" name="runner.TestNgRunner" time="5.618" errors="0" timestamp="21 Jan. 2023 17:37:49 GMT" skipped="0">
  <testcase classname="runner.TestNgRunner" name="runScenario" time="5.618"/>
</testsuite> <!-- runner.TestNgRunner -->
