<?xml version="1.0" encoding="UTF-8"?>
<!-- Generated by org.testng.reporters.JUnitReportReporter -->
<testsuite skipped="0" hostname="LAPTOP-JFLCKDKP" name="runner.udhayTestNG" tests="1" failures="0" timestamp="06 Nov 2022 16:42:17 GMT" time="12.120" errors="0">
  <testcase name="scenario" time="12.120" classname="runner.udhayTestNG"/>
</testsuite> <!-- runner.udhayTestNG -->
