<?xml version="1.0" encoding="UTF-8"?>
<!-- Generated by org.testng.reporters.JUnitReportReporter -->
<testsuite skipped="0" hostname="LAPTOP-JFLCKDKP" name="runner.TestNgRunner" tests="1" failures="0" timestamp="06 Nov 2022 16:14:59 GMT" time="14.891" errors="0">
  <testcase name="runScenario" time="14.891" classname="runner.TestNgRunner"/>
</testsuite> <!-- runner.TestNgRunner -->
