<?xml version="1.0" encoding="UTF-8"?>
<!-- Generated by org.testng.reporters.JUnitReportReporter -->
<testsuite hostname="LAPTOP-JFLCKDKP" failures="0" tests="2" name="runner.udhayTestNG" time="7.028" errors="0" timestamp="21 Jan. 2023 17:42:52 GMT" skipped="0">
  <testcase classname="runner.udhayTestNG" name="scenario" time="4.691"/>
  <testcase classname="runner.udhayTestNG" name="scenario" time="2.337"/>
</testsuite> <!-- runner.udhayTestNG -->
